Logfile initialized
[INFO] logfile = /Users/idmedapp/development/workspace/MyDoc/build.log
[DEBUG] /Library/Application Support/Titanium/mobilesdk/osx/1.7.2/android/builder.py simulator MyDoc /Users/idmedapp/development/develtools/android-sdk-mac_x86 /Users/idmedapp/development/workspace/MyDoc de.idmed.mydoc 4 WVGA854 
[INFO] Building MyDoc for Android ... one moment
[INFO] Titanium SDK version: 1.7.2 (07/21/11 09:36 97c3689)
[DEBUG] Waiting for device to be ready ...
[TRACE] adb devices returned 1 devices/emulators
[DEBUG] Device connected... (waited 0 seconds)
[DEBUG] waited 0.008660 seconds on emulator to get ready
[DEBUG] de.idmed.mydoc installed? True
[INFO] Fastdev server running, deploying in Fastdev mode
[INFO] Copying project resources..
[TRACE] COPYING MODIFIED FILE: /Users/idmedapp/development/workspace/MyDoc/Resources/app.js => /Users/idmedapp/development/workspace/MyDoc/build/android/bin/assets/Resources/app.js
[TRACE] COPYING MODIFIED FILE: /Users/idmedapp/development/workspace/MyDoc/Resources/others/json_content/loGister.js => /Users/idmedapp/development/workspace/MyDoc/build/android/bin/assets/Resources/others/json_content/loGister.js
[TRACE] COPYING MODIFIED FILE: /Users/idmedapp/development/workspace/MyDoc/Resources/others/login.js => /Users/idmedapp/development/workspace/MyDoc/build/android/bin/assets/Resources/others/login.js
[INFO] Tiapp.xml unchanged, skipping class generation
[DEBUG] Processing Android resource drawables
[DEBUG] found drawable-long-land-hdpi splash screen at /Users/idmedapp/development/workspace/MyDoc/Resources/android/images/res-long-land-hdpi/default.png
[DEBUG] found drawable-long-land-ldpi splash screen at /Users/idmedapp/development/workspace/MyDoc/Resources/android/images/res-long-land-ldpi/default.png
[DEBUG] found drawable-long-port-hdpi splash screen at /Users/idmedapp/development/workspace/MyDoc/Resources/android/images/res-long-port-hdpi/default.png
[DEBUG] found drawable-long-port-ldpi splash screen at /Users/idmedapp/development/workspace/MyDoc/Resources/android/images/res-long-port-ldpi/default.png
[DEBUG] found drawable-notlong-land-hdpi splash screen at /Users/idmedapp/development/workspace/MyDoc/Resources/android/images/res-notlong-land-hdpi/default.png
[DEBUG] found drawable-notlong-land-ldpi splash screen at /Users/idmedapp/development/workspace/MyDoc/Resources/android/images/res-notlong-land-ldpi/default.png
[DEBUG] found drawable-notlong-land-mdpi splash screen at /Users/idmedapp/development/workspace/MyDoc/Resources/android/images/res-notlong-land-mdpi/default.png
[DEBUG] found drawable-notlong-port-hdpi splash screen at /Users/idmedapp/development/workspace/MyDoc/Resources/android/images/res-notlong-port-hdpi/default.png
[DEBUG] found drawable-notlong-port-ldpi splash screen at /Users/idmedapp/development/workspace/MyDoc/Resources/android/images/res-notlong-port-ldpi/default.png
[DEBUG] found drawable-notlong-port-mdpi splash screen at /Users/idmedapp/development/workspace/MyDoc/Resources/android/images/res-notlong-port-mdpi/default.png
[INFO] Waiting for SDCard to become available..
[INFO] Re-launching application ... MyDoc
[INFO] Launching application ... MyDoc
[TRACE] Launch output: Starting: Intent { act=android.intent.action.MAIN cat=[android.intent.category.LAUNCHER] cmp=de.idmed.mydoc/.MydocActivity }

[INFO] Relaunched MyDoc ... Application should be running.
